Release 14.3 - xst P.40xd (lin64)
Copyright (c) 1995-2012 Xilinx, Inc.  All rights reserved.
--> 
Parameter TMPDIR set to xst/projnav.tmp


Total REAL time to Xst completion: 0.00 secs
Total CPU time to Xst completion: 0.04 secs
 
--> 
Parameter xsthdpdir set to xst


Total REAL time to Xst completion: 0.00 secs
Total CPU time to Xst completion: 0.04 secs
 
--> 
Reading design: skosnoere.prj

TABLE OF CONTENTS
  1) Synthesis Options Summary
  2) HDL Compilation
  3) Design Hierarchy Analysis
  4) HDL Analysis
  5) HDL Synthesis
     5.1) HDL Synthesis Report
  6) Advanced HDL Synthesis
     6.1) Advanced HDL Synthesis Report
  7) Low Level Synthesis
  8) Partition Report
  9) Final Report

=========================================================================
*                      Synthesis Options Summary                        *
=========================================================================
---- Source Parameters
Input File Name                    : "skosnoere.prj"
Input Format                       : mixed
Ignore Synthesis Constraint File   : NO

---- Target Parameters
Output File Name                   : "skosnoere"
Output Format                      : NGC
Target Device                      : XC9500XL CPLDs

---- Source Options
Top Module Name                    : skosnoere
Automatic FSM Extraction           : YES
FSM Encoding Algorithm             : Auto
Safe Implementation                : No
Mux Extraction                     : Yes
Resource Sharing                   : YES

---- Target Options
Add IO Buffers                     : YES
MACRO Preserve                     : YES
XOR Preserve                       : YES
Equivalent register Removal        : YES

---- General Options
Optimization Goal                  : Speed
Optimization Effort                : 1
Keep Hierarchy                     : Yes
Netlist Hierarchy                  : As_Optimized
RTL Output                         : Yes
Hierarchy Separator                : /
Bus Delimiter                      : <>
Case Specifier                     : Maintain
Verilog 2001                       : YES

---- Other Options
Clock Enable                       : YES
wysiwyg                            : NO

=========================================================================


=========================================================================
*                          HDL Compilation                              *
=========================================================================
Compiling verilog file "skosnoere.vf" in library work
Module <OBUFE_MXILINX_skosnoere> compiled
Module <FD_MXILINX_skosnoere> compiled
Module <NOR8_MXILINX_skosnoere> compiled
Module <M2_1_MXILINX_skosnoere> compiled
Module <SR8CE_MXILINX_skosnoere> compiled
Module <SR8CLE_MXILINX_skosnoere> compiled
Module <IBUF8_MXILINX_skosnoere> compiled
Module <skosnoere> compiled
No errors in compilation
Analysis of file <"skosnoere.prj"> succeeded.
 

=========================================================================
*                     Design Hierarchy Analysis                         *
=========================================================================
Analyzing hierarchy for module <skosnoere> in library <work>.

Analyzing hierarchy for module <IBUF8_MXILINX_skosnoere> in library <work>.

Analyzing hierarchy for module <SR8CLE_MXILINX_skosnoere> in library <work>.

Analyzing hierarchy for module <OBUFE_MXILINX_skosnoere> in library <work>.

Analyzing hierarchy for module <SR8CE_MXILINX_skosnoere> in library <work>.

Analyzing hierarchy for module <M2_1_MXILINX_skosnoere> in library <work>.

Analyzing hierarchy for module <NOR8_MXILINX_skosnoere> in library <work>.

Analyzing hierarchy for module <FD_MXILINX_skosnoere> in library <work> with parameters.
	INIT = "0"

Analyzing hierarchy for module <M2_1_MXILINX_skosnoere> in library <work>.

Analyzing hierarchy for module <M2_1_MXILINX_skosnoere> in library <work>.

Analyzing hierarchy for module <M2_1_MXILINX_skosnoere> in library <work>.

Analyzing hierarchy for module <M2_1_MXILINX_skosnoere> in library <work>.

Analyzing hierarchy for module <M2_1_MXILINX_skosnoere> in library <work>.

Analyzing hierarchy for module <M2_1_MXILINX_skosnoere> in library <work>.

Analyzing hierarchy for module <M2_1_MXILINX_skosnoere> in library <work>.

Analyzing hierarchy for module <M2_1_MXILINX_skosnoere> in library <work>.

WARNING:Xst:2591 - "skosnoere.vf" line 388: attribute on instance <SLEW> overrides generic/parameter on entity. It is possible that simulator will not take this attribute into account.
WARNING:Xst:2591 - "skosnoere.vf" line 410: attribute on instance <SLEW> overrides generic/parameter on entity. It is possible that simulator will not take this attribute into account.

=========================================================================
*                            HDL Analysis                               *
=========================================================================
Analyzing top module <skosnoere>.
Module <skosnoere> is correct for synthesis.
 
    Set user-defined property "CAPACITANCE =  DONT_CARE" for instance <XLXI_31> in unit <skosnoere>.
    Set user-defined property "IBUF_DELAY_VALUE =  0" for instance <XLXI_31> in unit <skosnoere>.
    Set user-defined property "IBUF_LOW_PWR =  TRUE" for instance <XLXI_31> in unit <skosnoere>.
    Set user-defined property "IFD_DELAY_VALUE =  AUTO" for instance <XLXI_31> in unit <skosnoere>.
    Set user-defined property "IOSTANDARD =  DEFAULT" for instance <XLXI_31> in unit <skosnoere>.
    Set user-defined property "CAPACITANCE =  DONT_CARE" for instance <XLXI_32> in unit <skosnoere>.
    Set user-defined property "IBUF_DELAY_VALUE =  0" for instance <XLXI_32> in unit <skosnoere>.
    Set user-defined property "IBUF_LOW_PWR =  TRUE" for instance <XLXI_32> in unit <skosnoere>.
    Set user-defined property "IFD_DELAY_VALUE =  AUTO" for instance <XLXI_32> in unit <skosnoere>.
    Set user-defined property "IOSTANDARD =  DEFAULT" for instance <XLXI_32> in unit <skosnoere>.
    Set user-defined property "CAPACITANCE =  DONT_CARE" for instance <XLXI_45> in unit <skosnoere>.
    Set user-defined property "IBUF_DELAY_VALUE =  0" for instance <XLXI_45> in unit <skosnoere>.
    Set user-defined property "IBUF_LOW_PWR =  TRUE" for instance <XLXI_45> in unit <skosnoere>.
    Set user-defined property "IFD_DELAY_VALUE =  AUTO" for instance <XLXI_45> in unit <skosnoere>.
    Set user-defined property "IOSTANDARD =  DEFAULT" for instance <XLXI_45> in unit <skosnoere>.
    Set user-defined property "CAPACITANCE =  DONT_CARE" for instance <XLXI_53> in unit <skosnoere>.
    Set user-defined property "DRIVE =  12" for instance <XLXI_53> in unit <skosnoere>.
    Set user-defined property "IOSTANDARD =  DEFAULT" for instance <XLXI_53> in unit <skosnoere>.
    Set user-defined property "SLEW =  SLOW" for instance <XLXI_53> in unit <skosnoere>.
    Set user-defined property "CAPACITANCE =  DONT_CARE" for instance <XLXI_61> in unit <skosnoere>.
    Set user-defined property "DRIVE =  12" for instance <XLXI_61> in unit <skosnoere>.
    Set user-defined property "IOSTANDARD =  DEFAULT" for instance <XLXI_61> in unit <skosnoere>.
    Set user-defined property "SLEW =  SLOW" for instance <XLXI_61> in unit <skosnoere>.
    Set user-defined property "HU_SET =  XLXI_1_8" for instance <XLXI_1> in unit <skosnoere>.
    Set user-defined property "HU_SET =  XLXI_26_9" for instance <XLXI_26> in unit <skosnoere>.
    Set user-defined property "HU_SET =  XLXI_30_14" for instance <XLXI_30> in unit <skosnoere>.
    Set user-defined property "HU_SET =  XLXI_47_10" for instance <XLXI_47> in unit <skosnoere>.
    Set user-defined property "HU_SET =  XLXI_56_11" for instance <XLXI_56> in unit <skosnoere>.
    Set user-defined property "HU_SET =  XLXI_57_12" for instance <XLXI_57> in unit <skosnoere>.
    Set user-defined property "HU_SET =  XLXI_60_13" for instance <XLXI_60> in unit <skosnoere>.
Analyzing module <IBUF8_MXILINX_skosnoere> in library <work>.
Module <IBUF8_MXILINX_skosnoere> is correct for synthesis.
 
    Set user-defined property "CAPACITANCE =  DONT_CARE" for instance <I_36_30> in unit <IBUF8_MXILINX_skosnoere>.
    Set user-defined property "IBUF_DELAY_VALUE =  0" for instance <I_36_30> in unit <IBUF8_MXILINX_skosnoere>.
    Set user-defined property "IBUF_LOW_PWR =  TRUE" for instance <I_36_30> in unit <IBUF8_MXILINX_skosnoere>.
    Set user-defined property "IFD_DELAY_VALUE =  AUTO" for instance <I_36_30> in unit <IBUF8_MXILINX_skosnoere>.
    Set user-defined property "IOSTANDARD =  DEFAULT" for instance <I_36_30> in unit <IBUF8_MXILINX_skosnoere>.
    Set user-defined property "CAPACITANCE =  DONT_CARE" for instance <I_36_31> in unit <IBUF8_MXILINX_skosnoere>.
    Set user-defined property "IBUF_DELAY_VALUE =  0" for instance <I_36_31> in unit <IBUF8_MXILINX_skosnoere>.
    Set user-defined property "IBUF_LOW_PWR =  TRUE" for instance <I_36_31> in unit <IBUF8_MXILINX_skosnoere>.
    Set user-defined property "IFD_DELAY_VALUE =  AUTO" for instance <I_36_31> in unit <IBUF8_MXILINX_skosnoere>.
    Set user-defined property "IOSTANDARD =  DEFAULT" for instance <I_36_31> in unit <IBUF8_MXILINX_skosnoere>.
    Set user-defined property "CAPACITANCE =  DONT_CARE" for instance <I_36_32> in unit <IBUF8_MXILINX_skosnoere>.
    Set user-defined property "IBUF_DELAY_VALUE =  0" for instance <I_36_32> in unit <IBUF8_MXILINX_skosnoere>.
    Set user-defined property "IBUF_LOW_PWR =  TRUE" for instance <I_36_32> in unit <IBUF8_MXILINX_skosnoere>.
    Set user-defined property "IFD_DELAY_VALUE =  AUTO" for instance <I_36_32> in unit <IBUF8_MXILINX_skosnoere>.
    Set user-defined property "IOSTANDARD =  DEFAULT" for instance <I_36_32> in unit <IBUF8_MXILINX_skosnoere>.
    Set user-defined property "CAPACITANCE =  DONT_CARE" for instance <I_36_33> in unit <IBUF8_MXILINX_skosnoere>.
    Set user-defined property "IBUF_DELAY_VALUE =  0" for instance <I_36_33> in unit <IBUF8_MXILINX_skosnoere>.
    Set user-defined property "IBUF_LOW_PWR =  TRUE" for instance <I_36_33> in unit <IBUF8_MXILINX_skosnoere>.
    Set user-defined property "IFD_DELAY_VALUE =  AUTO" for instance <I_36_33> in unit <IBUF8_MXILINX_skosnoere>.
    Set user-defined property "IOSTANDARD =  DEFAULT" for instance <I_36_33> in unit <IBUF8_MXILINX_skosnoere>.
    Set user-defined property "CAPACITANCE =  DONT_CARE" for instance <I_36_34> in unit <IBUF8_MXILINX_skosnoere>.
    Set user-defined property "IBUF_DELAY_VALUE =  0" for instance <I_36_34> in unit <IBUF8_MXILINX_skosnoere>.
    Set user-defined property "IBUF_LOW_PWR =  TRUE" for instance <I_36_34> in unit <IBUF8_MXILINX_skosnoere>.
    Set user-defined property "IFD_DELAY_VALUE =  AUTO" for instance <I_36_34> in unit <IBUF8_MXILINX_skosnoere>.
    Set user-defined property "IOSTANDARD =  DEFAULT" for instance <I_36_34> in unit <IBUF8_MXILINX_skosnoere>.
    Set user-defined property "CAPACITANCE =  DONT_CARE" for instance <I_36_35> in unit <IBUF8_MXILINX_skosnoere>.
    Set user-defined property "IBUF_DELAY_VALUE =  0" for instance <I_36_35> in unit <IBUF8_MXILINX_skosnoere>.
    Set user-defined property "IBUF_LOW_PWR =  TRUE" for instance <I_36_35> in unit <IBUF8_MXILINX_skosnoere>.
    Set user-defined property "IFD_DELAY_VALUE =  AUTO" for instance <I_36_35> in unit <IBUF8_MXILINX_skosnoere>.
    Set user-defined property "IOSTANDARD =  DEFAULT" for instance <I_36_35> in unit <IBUF8_MXILINX_skosnoere>.
    Set user-defined property "CAPACITANCE =  DONT_CARE" for instance <I_36_36> in unit <IBUF8_MXILINX_skosnoere>.
    Set user-defined property "IBUF_DELAY_VALUE =  0" for instance <I_36_36> in unit <IBUF8_MXILINX_skosnoere>.
    Set user-defined property "IBUF_LOW_PWR =  TRUE" for instance <I_36_36> in unit <IBUF8_MXILINX_skosnoere>.
    Set user-defined property "IFD_DELAY_VALUE =  AUTO" for instance <I_36_36> in unit <IBUF8_MXILINX_skosnoere>.
    Set user-defined property "IOSTANDARD =  DEFAULT" for instance <I_36_36> in unit <IBUF8_MXILINX_skosnoere>.
    Set user-defined property "CAPACITANCE =  DONT_CARE" for instance <I_36_37> in unit <IBUF8_MXILINX_skosnoere>.
    Set user-defined property "IBUF_DELAY_VALUE =  0" for instance <I_36_37> in unit <IBUF8_MXILINX_skosnoere>.
    Set user-defined property "IBUF_LOW_PWR =  TRUE" for instance <I_36_37> in unit <IBUF8_MXILINX_skosnoere>.
    Set user-defined property "IFD_DELAY_VALUE =  AUTO" for instance <I_36_37> in unit <IBUF8_MXILINX_skosnoere>.
    Set user-defined property "IOSTANDARD =  DEFAULT" for instance <I_36_37> in unit <IBUF8_MXILINX_skosnoere>.
Analyzing module <SR8CLE_MXILINX_skosnoere> in library <work>.
Module <SR8CLE_MXILINX_skosnoere> is correct for synthesis.
 
    Set user-defined property "INIT =  0" for instance <Q0> in unit <SR8CLE_MXILINX_skosnoere>.
    Set user-defined property "INIT =  0" for instance <Q1> in unit <SR8CLE_MXILINX_skosnoere>.
    Set user-defined property "INIT =  0" for instance <Q2> in unit <SR8CLE_MXILINX_skosnoere>.
    Set user-defined property "INIT =  0" for instance <Q3> in unit <SR8CLE_MXILINX_skosnoere>.
    Set user-defined property "INIT =  0" for instance <Q4> in unit <SR8CLE_MXILINX_skosnoere>.
    Set user-defined property "INIT =  0" for instance <Q5> in unit <SR8CLE_MXILINX_skosnoere>.
    Set user-defined property "INIT =  0" for instance <Q6> in unit <SR8CLE_MXILINX_skosnoere>.
    Set user-defined property "INIT =  0" for instance <Q7> in unit <SR8CLE_MXILINX_skosnoere>.
    Set user-defined property "HU_SET =  MQ0_2" for instance <MQ0> in unit <SR8CLE_MXILINX_skosnoere>.
    Set user-defined property "HU_SET =  MQ1_3" for instance <MQ1> in unit <SR8CLE_MXILINX_skosnoere>.
    Set user-defined property "HU_SET =  MQ2_4" for instance <MQ2> in unit <SR8CLE_MXILINX_skosnoere>.
    Set user-defined property "HU_SET =  MQ3_1" for instance <MQ3> in unit <SR8CLE_MXILINX_skosnoere>.
    Set user-defined property "HU_SET =  MQ4_0" for instance <MQ4> in unit <SR8CLE_MXILINX_skosnoere>.
    Set user-defined property "HU_SET =  MQ5_5" for instance <MQ5> in unit <SR8CLE_MXILINX_skosnoere>.
    Set user-defined property "HU_SET =  MQ6_7" for instance <MQ6> in unit <SR8CLE_MXILINX_skosnoere>.
    Set user-defined property "HU_SET =  MQ7_6" for instance <MQ7> in unit <SR8CLE_MXILINX_skosnoere>.
Analyzing module <M2_1_MXILINX_skosnoere.2> in library <work>.
Module <M2_1_MXILINX_skosnoere.2> is correct for synthesis.
 
Analyzing module <M2_1_MXILINX_skosnoere.3> in library <work>.
Module <M2_1_MXILINX_skosnoere.3> is correct for synthesis.
 
Analyzing module <M2_1_MXILINX_skosnoere.4> in library <work>.
Module <M2_1_MXILINX_skosnoere.4> is correct for synthesis.
 
Analyzing module <M2_1_MXILINX_skosnoere.5> in library <work>.
Module <M2_1_MXILINX_skosnoere.5> is correct for synthesis.
 
Analyzing module <M2_1_MXILINX_skosnoere.6> in library <work>.
Module <M2_1_MXILINX_skosnoere.6> is correct for synthesis.
 
Analyzing module <M2_1_MXILINX_skosnoere.7> in library <work>.
Module <M2_1_MXILINX_skosnoere.7> is correct for synthesis.
 
Analyzing module <M2_1_MXILINX_skosnoere.8> in library <work>.
Module <M2_1_MXILINX_skosnoere.8> is correct for synthesis.
 
Analyzing module <M2_1_MXILINX_skosnoere.9> in library <work>.
Module <M2_1_MXILINX_skosnoere.9> is correct for synthesis.
 
Analyzing module <OBUFE_MXILINX_skosnoere> in library <work>.
Module <OBUFE_MXILINX_skosnoere> is correct for synthesis.
 
    Set user-defined property "CAPACITANCE =  DONT_CARE" for instance <I_36_10> in unit <OBUFE_MXILINX_skosnoere>.
    Set user-defined property "DRIVE =  12" for instance <I_36_10> in unit <OBUFE_MXILINX_skosnoere>.
    Set user-defined property "IOSTANDARD =  DEFAULT" for instance <I_36_10> in unit <OBUFE_MXILINX_skosnoere>.
    Set user-defined property "SLEW =  SLOW" for instance <I_36_10> in unit <OBUFE_MXILINX_skosnoere>.
Analyzing module <SR8CE_MXILINX_skosnoere> in library <work>.
Module <SR8CE_MXILINX_skosnoere> is correct for synthesis.
 
    Set user-defined property "INIT =  0" for instance <Q0> in unit <SR8CE_MXILINX_skosnoere>.
    Set user-defined property "INIT =  0" for instance <Q1> in unit <SR8CE_MXILINX_skosnoere>.
    Set user-defined property "INIT =  0" for instance <Q2> in unit <SR8CE_MXILINX_skosnoere>.
    Set user-defined property "INIT =  0" for instance <Q3> in unit <SR8CE_MXILINX_skosnoere>.
    Set user-defined property "INIT =  0" for instance <Q4> in unit <SR8CE_MXILINX_skosnoere>.
    Set user-defined property "INIT =  0" for instance <Q5> in unit <SR8CE_MXILINX_skosnoere>.
    Set user-defined property "INIT =  0" for instance <Q6> in unit <SR8CE_MXILINX_skosnoere>.
    Set user-defined property "INIT =  0" for instance <Q7> in unit <SR8CE_MXILINX_skosnoere>.
Analyzing module <M2_1_MXILINX_skosnoere.1> in library <work>.
Module <M2_1_MXILINX_skosnoere.1> is correct for synthesis.
 
Analyzing module <NOR8_MXILINX_skosnoere> in library <work>.
Module <NOR8_MXILINX_skosnoere> is correct for synthesis.
 
Analyzing module <FD_MXILINX_skosnoere> in library <work>.
	INIT = 1'b0
Module <FD_MXILINX_skosnoere> is correct for synthesis.
 
    Set user-defined property "INIT =  0" for instance <U0> in unit <FD_MXILINX_skosnoere>.

=========================================================================
*                           HDL Synthesis                               *
=========================================================================

Performing bidirectional port resolution...

Synthesizing Unit <IBUF8_MXILINX_skosnoere>.
    Related source file is "skosnoere.vf".
Unit <IBUF8_MXILINX_skosnoere> synthesized.


Synthesizing Unit <OBUFE_MXILINX_skosnoere>.
    Related source file is "skosnoere.vf".
Unit <OBUFE_MXILINX_skosnoere> synthesized.


Synthesizing Unit <SR8CE_MXILINX_skosnoere>.
    Related source file is "skosnoere.vf".
Unit <SR8CE_MXILINX_skosnoere> synthesized.


Synthesizing Unit <M2_1_MXILINX_skosnoere_1>.
    Related source file is "skosnoere.vf".
Unit <M2_1_MXILINX_skosnoere_1> synthesized.


Synthesizing Unit <NOR8_MXILINX_skosnoere>.
    Related source file is "skosnoere.vf".
Unit <NOR8_MXILINX_skosnoere> synthesized.


Synthesizing Unit <FD_MXILINX_skosnoere>.
    Related source file is "skosnoere.vf".
Unit <FD_MXILINX_skosnoere> synthesized.


Synthesizing Unit <M2_1_MXILINX_skosnoere_2>.
    Related source file is "skosnoere.vf".
Unit <M2_1_MXILINX_skosnoere_2> synthesized.


Synthesizing Unit <M2_1_MXILINX_skosnoere_3>.
    Related source file is "skosnoere.vf".
Unit <M2_1_MXILINX_skosnoere_3> synthesized.


Synthesizing Unit <M2_1_MXILINX_skosnoere_4>.
    Related source file is "skosnoere.vf".
Unit <M2_1_MXILINX_skosnoere_4> synthesized.


Synthesizing Unit <M2_1_MXILINX_skosnoere_5>.
    Related source file is "skosnoere.vf".
Unit <M2_1_MXILINX_skosnoere_5> synthesized.


Synthesizing Unit <M2_1_MXILINX_skosnoere_6>.
    Related source file is "skosnoere.vf".
Unit <M2_1_MXILINX_skosnoere_6> synthesized.


Synthesizing Unit <M2_1_MXILINX_skosnoere_7>.
    Related source file is "skosnoere.vf".
Unit <M2_1_MXILINX_skosnoere_7> synthesized.


Synthesizing Unit <M2_1_MXILINX_skosnoere_8>.
    Related source file is "skosnoere.vf".
Unit <M2_1_MXILINX_skosnoere_8> synthesized.


Synthesizing Unit <M2_1_MXILINX_skosnoere_9>.
    Related source file is "skosnoere.vf".
Unit <M2_1_MXILINX_skosnoere_9> synthesized.


Synthesizing Unit <SR8CLE_MXILINX_skosnoere>.
    Related source file is "skosnoere.vf".
Unit <SR8CLE_MXILINX_skosnoere> synthesized.


Synthesizing Unit <skosnoere>.
    Related source file is "skosnoere.vf".
WARNING:Xst:646 - Signal <shift_out<6:0>> is assigned but never used. This unconnected signal will be trimmed during the optimization process.
Unit <skosnoere> synthesized.


=========================================================================
HDL Synthesis Report

Found no macro
=========================================================================

=========================================================================
*                       Advanced HDL Synthesis                          *
=========================================================================


=========================================================================
Advanced HDL Synthesis Report

Macro Statistics
# Registers                                            : 17
 Flip-Flops                                            : 17

=========================================================================

=========================================================================
*                         Low Level Synthesis                           *
=========================================================================

Optimizing unit <skosnoere> ...

Optimizing unit <IBUF8_MXILINX_skosnoere> ...

Optimizing unit <OBUFE_MXILINX_skosnoere> ...

Optimizing unit <SR8CE_MXILINX_skosnoere> ...
  implementation constraint: INIT=0	 : Q0
  implementation constraint: INIT=0	 : Q1
  implementation constraint: INIT=0	 : Q2
  implementation constraint: INIT=0	 : Q3
  implementation constraint: INIT=0	 : Q4
  implementation constraint: INIT=0	 : Q5
  implementation constraint: INIT=0	 : Q6
  implementation constraint: INIT=0	 : Q7

Optimizing unit <M2_1_MXILINX_skosnoere_1> ...

Optimizing unit <NOR8_MXILINX_skosnoere> ...

Optimizing unit <FD_MXILINX_skosnoere> ...
  implementation constraint: INIT=0	 : U0

Optimizing unit <M2_1_MXILINX_skosnoere_2> ...

Optimizing unit <M2_1_MXILINX_skosnoere_3> ...

Optimizing unit <M2_1_MXILINX_skosnoere_4> ...

Optimizing unit <M2_1_MXILINX_skosnoere_5> ...

Optimizing unit <M2_1_MXILINX_skosnoere_6> ...

Optimizing unit <M2_1_MXILINX_skosnoere_7> ...

Optimizing unit <M2_1_MXILINX_skosnoere_8> ...

Optimizing unit <M2_1_MXILINX_skosnoere_9> ...

Optimizing unit <SR8CLE_MXILINX_skosnoere> ...
  implementation constraint: INIT=0	 : Q0
  implementation constraint: INIT=0	 : Q1
  implementation constraint: INIT=0	 : Q2
  implementation constraint: INIT=0	 : Q3
  implementation constraint: INIT=0	 : Q4
  implementation constraint: INIT=0	 : Q5
  implementation constraint: INIT=0	 : Q6
  implementation constraint: INIT=0	 : Q7

=========================================================================
*                           Partition Report                            *
=========================================================================

Partition Implementation Status
-------------------------------

  No Partitions were found in this design.

-------------------------------

=========================================================================
*                            Final Report                               *
=========================================================================
Final Results
RTL Top Level Output File Name     : skosnoere.ngr
Top Level Output File Name         : skosnoere
Output Format                      : NGC
Optimization Goal                  : Speed
Keep Hierarchy                     : Yes
Target Technology                  : XC9500XL CPLDs
Macro Preserve                     : YES
XOR Preserve                       : YES
Clock Enable                       : YES
wysiwyg                            : NO

Design Statistics
# IOs                              : 14

Cell Usage :
# BELS                             : 26
#      AND2                        : 9
#      GND                         : 2
#      INV                         : 3
#      OR2                         : 10
#      OR4                         : 2
# FlipFlops/Latches                : 17
#      FDCE                        : 16
#      FDCP                        : 1
# IO Buffers                       : 14
#      IBUF                        : 11
#      OBUF                        : 2
#      OBUFT                       : 1
# Others                           : 10
#      AND2B1                      : 9
#      NOR2                        : 1
=========================================================================


Total REAL time to Xst completion: 4.00 secs
Total CPU time to Xst completion: 3.62 secs
 
--> 


Total memory usage is 512948 kilobytes

Number of errors   :    0 (   0 filtered)
Number of warnings :    3 (   0 filtered)
Number of infos    :    0 (   0 filtered)

